0 info it worked if it ends with ok
1 verbose cli [ 'c:\\Program Files (x86)\\nodejs\\node.exe',
1 verbose cli   'c:\\Program Files (x86)\\nodejs\\node_modules\\npm\\bin\\npm-cli.js',
1 verbose cli   'install',
1 verbose cli   '-g',
1 verbose cli   'bower' ]
2 info using npm@2.5.0
3 info using node@v0.10.35
4 silly cache add args [ 'bower', null ]
5 verbose cache add spec bower
6 silly cache add parsed spec { raw: 'bower',
6 silly cache add   scope: null,
6 silly cache add   name: 'bower',
6 silly cache add   rawSpec: '',
6 silly cache add   spec: '*',
6 silly cache add   type: 'range' }
7 verbose addNamed bower@*
8 silly addNamed semver.valid null
9 silly addNamed semver.validRange *
10 silly addNameRange { name: 'bower', range: '*', hasData: false }
11 silly mapToRegistry name bower
12 silly mapToRegistry using default registry
13 silly mapToRegistry registry https://registry.npmjs.org/
14 silly mapToRegistry uri https://registry.npmjs.org/bower
15 verbose addNameRange registry:https://registry.npmjs.org/bower not in flight; fetching
16 verbose get https://registry.npmjs.org/bower not expired, no request
17 silly addNameRange number 2 { name: 'bower', range: '*', hasData: true }
18 silly addNameRange versions [ 'bower',
18 silly addNameRange   [ '0.1.0',
18 silly addNameRange     '0.1.2',
18 silly addNameRange     '0.1.3',
18 silly addNameRange     '0.2.0',
18 silly addNameRange     '0.3.0',
18 silly addNameRange     '0.3.1',
18 silly addNameRange     '0.3.2',
18 silly addNameRange     '0.4.0',
18 silly addNameRange     '0.5.0',
18 silly addNameRange     '0.5.1',
18 silly addNameRange     '0.6.0',
18 silly addNameRange     '0.6.1',
18 silly addNameRange     '0.6.2',
18 silly addNameRange     '0.6.3',
18 silly addNameRange     '0.6.4',
18 silly addNameRange     '0.6.5',
18 silly addNameRange     '0.6.6',
18 silly addNameRange     '0.6.7',
18 silly addNameRange     '0.6.8',
18 silly addNameRange     '0.7.0',
18 silly addNameRange     '0.7.1',
18 silly addNameRange     '0.8.0',
18 silly addNameRange     '0.8.1',
18 silly addNameRange     '0.8.2',
18 silly addNameRange     '0.8.3',
18 silly addNameRange     '0.8.4',
18 silly addNameRange     '0.8.5',
18 silly addNameRange     '0.8.6',
18 silly addNameRange     '0.9.0',
18 silly addNameRange     '0.9.1',
18 silly addNameRange     '0.9.2',
18 silly addNameRange     '0.10.0',
18 silly addNameRange     '1.0.0',
18 silly addNameRange     '1.0.1',
18 silly addNameRange     '1.0.2',
18 silly addNameRange     '1.0.3',
18 silly addNameRange     '1.1.0',
18 silly addNameRange     '1.1.1',
18 silly addNameRange     '1.1.2',
18 silly addNameRange     '1.2.0',
18 silly addNameRange     '1.2.1',
18 silly addNameRange     '1.2.2',
18 silly addNameRange     '1.2.3',
18 silly addNameRange     '1.2.4',
18 silly addNameRange     '1.2.5',
18 silly addNameRange     '1.2.6',
18 silly addNameRange     '1.2.7',
18 silly addNameRange     '1.2.8',
18 silly addNameRange     '1.3.0',
18 silly addNameRange     '1.3.1',
18 silly addNameRange     '1.3.2',
18 silly addNameRange     '1.3.3',
18 silly addNameRange     '1.3.4',
18 silly addNameRange     '1.3.5',
18 silly addNameRange     '1.3.6',
18 silly addNameRange     '1.3.7',
18 silly addNameRange     '1.3.8',
18 silly addNameRange     '1.3.9',
18 silly addNameRange     '1.3.10',
18 silly addNameRange     '1.3.11',
18 silly addNameRange     '1.3.12' ] ]
19 verbose addNamed bower@1.3.12
20 silly addNamed semver.valid 1.3.12
21 silly addNamed semver.validRange 1.3.12
22 silly cache afterAdd bower@1.3.12
23 verbose afterAdd C:\Users\bobin_000\AppData\Roaming\npm-cache\bower\1.3.12\package\package.json not in flight; writing
24 verbose afterAdd C:\Users\bobin_000\AppData\Roaming\npm-cache\bower\1.3.12\package\package.json written
25 silly install resolved [ { name: 'bower',
25 silly install resolved     version: '1.3.12',
25 silly install resolved     description: 'The browser package manager',
25 silly install resolved     author: { name: 'Twitter' },
25 silly install resolved     licenses: [ [Object] ],
25 silly install resolved     repository: { type: 'git', url: 'https://github.com/bower/bower' },
25 silly install resolved     main: 'lib',
25 silly install resolved     homepage: 'http://bower.io',
25 silly install resolved     engines: { node: '>=0.10.0' },
25 silly install resolved     dependencies:
25 silly install resolved      { abbrev: '~1.0.4',
25 silly install resolved        archy: '0.0.2',
25 silly install resolved        'bower-config': '~0.5.2',
25 silly install resolved        'bower-endpoint-parser': '~0.2.2',
25 silly install resolved        'bower-json': '~0.4.0',
25 silly install resolved        'bower-logger': '~0.2.2',
25 silly install resolved        'bower-registry-client': '~0.2.0',
25 silly install resolved        cardinal: '0.4.0',
25 silly install resolved        chalk: '0.5.0',
25 silly install resolved        chmodr: '0.1.0',
25 silly install resolved        'decompress-zip': '0.0.8',
25 silly install resolved        fstream: '~1.0.2',
25 silly install resolved        'fstream-ignore': '~1.0.1',
25 silly install resolved        glob: '~4.0.2',
25 silly install resolved        'graceful-fs': '~3.0.1',
25 silly install resolved        handlebars: '~2.0.0',
25 silly install resolved        inquirer: '0.7.1',
25 silly install resolved        insight: '0.4.3',
25 silly install resolved        'is-root': '~1.0.0',
25 silly install resolved        junk: '~1.0.0',
25 silly install resolved        lockfile: '~1.0.0',
25 silly install resolved        'lru-cache': '~2.5.0',
25 silly install resolved        mkdirp: '0.5.0',
25 silly install resolved        mout: '~0.9.0',
25 silly install resolved        nopt: '~3.0.0',
25 silly install resolved        opn: '~1.0.0',
25 silly install resolved        osenv: '0.1.0',
25 silly install resolved        'p-throttler': '0.1.0',
25 silly install resolved        promptly: '0.2.0',
25 silly install resolved        q: '~1.0.1',
25 silly install resolved        request: '~2.42.0',
25 silly install resolved        'request-progress': '0.3.0',
25 silly install resolved        retry: '0.6.0',
25 silly install resolved        rimraf: '~2.2.0',
25 silly install resolved        semver: '~2.3.0',
25 silly install resolved        'shell-quote': '~1.4.1',
25 silly install resolved        'stringify-object': '~1.0.0',
25 silly install resolved        'tar-fs': '0.5.2',
25 silly install resolved        tmp: '0.0.23',
25 silly install resolved        'update-notifier': '0.2.0',
25 silly install resolved        which: '~1.0.5' },
25 silly install resolved     devDependencies:
25 silly install resolved      { coveralls: '~2.11.0',
25 silly install resolved        'expect.js': '~0.3.1',
25 silly install resolved        grunt: '~0.4.4',
25 silly install resolved        'grunt-cli': '^0.1.13',
25 silly install resolved        'grunt-contrib-jshint': '~0.10.0',
25 silly install resolved        'grunt-contrib-watch': '~0.6.1',
25 silly install resolved        'grunt-exec': '~0.4.2',
25 silly install resolved        'grunt-simple-mocha': '~0.4.0',
25 silly install resolved        istanbul: '~0.3.2',
25 silly install resolved        'load-grunt-tasks': '~0.6.0',
25 silly install resolved        mocha: '~1.21.4',
25 silly install resolved        nock: '~0.46.0',
25 silly install resolved        'node-uuid': '~1.4.1',
25 silly install resolved        proxyquire: '~1.0.1' },
25 silly install resolved     scripts: { test: 'grunt test' },
25 silly install resolved     bin: { bower: 'bin/bower' },
25 silly install resolved     preferGlobal: true,
25 silly install resolved     gitHead: 'b26c072f0db054a1902ec4d2e3726dbf8a1c799a',
25 silly install resolved     bugs: { url: 'https://github.com/bower/bower/issues' },
25 silly install resolved     _id: 'bower@1.3.12',
25 silly install resolved     _shasum: '37de0edb3904baf90aee13384a1a379a05ee214c',
25 silly install resolved     _from: 'bower@*',
25 silly install resolved     _npmVersion: '2.0.0',
25 silly install resolved     _npmUser: { name: 'sheerun', email: 'sheerun@sher.pl' },
25 silly install resolved     maintainers: [ [Object], [Object], [Object], [Object], [Object], [Object] ],
25 silly install resolved     dist:
25 silly install resolved      { shasum: '37de0edb3904baf90aee13384a1a379a05ee214c',
25 silly install resolved        tarball: 'http://registry.npmjs.org/bower/-/bower-1.3.12.tgz' },
25 silly install resolved     directories: {},
25 silly install resolved     _resolved: 'https://registry.npmjs.org/bower/-/bower-1.3.12.tgz',
25 silly install resolved     readme: 'ERROR: No README data found!' } ]
26 info install bower@1.3.12 into c:\Program Files (x86)\nodejs
27 info installOne bower@1.3.12
28 verbose installOne of bower to c:\Program Files (x86)\nodejs not in flight; installing
29 verbose lock using C:\Users\bobin_000\AppData\Roaming\npm-cache\_locks\bower-441ee1f56d9ba327.lock for c:\Program Files (x86)\nodejs\node_modules\bower
30 silly install write writing bower 1.3.12 to c:\Program Files (x86)\nodejs\node_modules\bower
31 silly cache addNamed cb bower@1.3.12
32 verbose unbuild node_modules\bower
33 verbose gentlyRm vacuuming c:\Program Files (x86)\nodejs\node_modules\bower
34 verbose tar unpack C:\Users\bobin_000\AppData\Roaming\npm-cache\bower\1.3.12\package.tgz
35 verbose tar unpacking to c:\Program Files (x86)\nodejs\node_modules\bower
36 verbose gentlyRm vacuuming c:\Program Files (x86)\nodejs\node_modules\bower
37 silly gunzTarPerm modes [ '777', '666' ]
38 error tar.unpack untar error C:\Users\bobin_000\AppData\Roaming\npm-cache\bower\1.3.12\package.tgz
39 verbose unlock done using C:\Users\bobin_000\AppData\Roaming\npm-cache\_locks\bower-441ee1f56d9ba327.lock for c:\Program Files (x86)\nodejs\node_modules\bower
40 verbose fstream_path c:\Program Files (x86)\nodejs\node_modules\bower
41 verbose fstream_type Directory
42 verbose fstream_class DirWriter
43 verbose stack Error: EPERM, mkdir 'c:\Program Files (x86)\nodejs\node_modules\bower'
44 verbose fstream_stack c:\Program Files (x86)\nodejs\node_modules\npm\node_modules\fstream\lib\dir-writer.js:36:23
44 verbose fstream_stack c:\Program Files (x86)\nodejs\node_modules\npm\node_modules\mkdirp\index.js:46:53
44 verbose fstream_stack Object.oncomplete (fs.js:108:15)
45 verbose cwd d:\Courseware\JavaScript Learning\AngularTestApp
46 error Windows_NT 6.2.9200
47 error argv "c:\\Program Files (x86)\\nodejs\\node.exe" "c:\\Program Files (x86)\\nodejs\\node_modules\\npm\\bin\\npm-cli.js" "install" "-g" "bower"
48 error node v0.10.35
49 error npm  v2.5.0
50 error path c:\Program Files (x86)\nodejs\node_modules\bower
51 error code EPERM
52 error errno 50
53 error Error: EPERM, mkdir 'c:\Program Files (x86)\nodejs\node_modules\bower'
53 error  { [Error: EPERM, mkdir 'c:\Program Files (x86)\nodejs\node_modules\bower']
53 error   errno: 50,
53 error   code: 'EPERM',
53 error   path: 'c:\\Program Files (x86)\\nodejs\\node_modules\\bower',
53 error   fstream_type: 'Directory',
53 error   fstream_path: 'c:\\Program Files (x86)\\nodejs\\node_modules\\bower',
53 error   fstream_class: 'DirWriter',
53 error   fstream_stack:
53 error    [ 'c:\\Program Files (x86)\\nodejs\\node_modules\\npm\\node_modules\\fstream\\lib\\dir-writer.js:36:23',
53 error      'c:\\Program Files (x86)\\nodejs\\node_modules\\npm\\node_modules\\mkdirp\\index.js:46:53',
53 error      'Object.oncomplete (fs.js:108:15)' ] }
54 error Please try running this command again as root/Administrator.
55 verbose exit [ 50, true ]
56 verbose unbuild node_modules\bower
57 verbose gentlyRm vacuuming c:\Program Files (x86)\nodejs\node_modules\bower
